<?xml version="1.0" encoding="UTF-8"?>
<testsuite xmlns:xsi="http://www.w3.org/2001/XMLSchema-instance" xsi:noNamespaceSchemaLocation="https://maven.apache.org/surefire/maven-surefire-plugin/xsd/surefire-test-report.xsd" version="3.0.2" name="TestSuite" time="21.497" tests="2" errors="0" skipped="0" failures="0">
  <properties>
[...]
</properties>
  <testcase name="verified_accontragistration" classname="test_case.TC_01_Ragistartion_test" time="4.256">
    <system-err><![CDATA[2025-08-20T06:53:32.864044900Z main INFO Starting configuration XmlConfiguration[location=C:\Users\HP\eclipse-workspace\Maven_project\target\test-classes\log4j2.xml, lastModified=2025-07-30T13:33:56.853Z]...
2025-08-20T06:53:32.867046300Z main INFO Configuration XmlConfiguration[location=C:\Users\HP\eclipse-workspace\Maven_project\target\test-classes\log4j2.xml, lastModified=2025-07-30T13:33:56.853Z] started.
2025-08-20T06:53:32.873043500Z main INFO Stopping configuration org.apache.logging.log4j.core.config.DefaultConfiguration@703580bf...
2025-08-20T06:53:32.874044200Z main INFO Configuration org.apache.logging.log4j.core.config.DefaultConfiguration@703580bf stopped.
Aug 20, 2025 12:23:38 PM org.openqa.selenium.devtools.CdpVersionFinder findNearestMatch
WARNING: Unable to find CDP implementation matching 139
Aug 20, 2025 12:23:38 PM org.openqa.selenium.chromium.ChromiumDriver lambda$new$5
WARNING: Unable to find version of CDP to use for 139.0.7258.128. You may need to include a dependency on a specific version of the CDP using something similar to `org.seleniumhq.selenium:selenium-devtools-v86:4.27.0` where the version ("v86") matches the version of the chromium-based browser you're using and the version number of the artifact is the same as Selenium's.
]]></system-err>
  </testcase>
  <testcase name="login_varification" classname="test_case.Tc002_loginTest" time="2.795">
    <system-err><![CDATA[Aug 20, 2025 12:23:46 PM org.openqa.selenium.devtools.CdpVersionFinder findNearestMatch
WARNING: Unable to find CDP implementation matching 139
Aug 20, 2025 12:23:46 PM org.openqa.selenium.chromium.ChromiumDriver lambda$new$5
WARNING: Unable to find version of CDP to use for 139.0.7258.128. You may need to include a dependency on a specific version of the CDP using something similar to `org.seleniumhq.selenium:selenium-devtools-v86:4.27.0` where the version ("v86") matches the version of the chromium-based browser you're using and the version number of the artifact is the same as Selenium's.
]]></system-err>
  </testcase>
</testsuite>