<?xml version="1.0" encoding="UTF-8"?>
<!-- Generated by org.testng.reporters.JUnitXMLReporter -->
<testsuite ignored="1" hostname="DESKTOP-O6BLQB2" failures="0" tests="1" name="Test" time="9.386" errors="0" timestamp="2025-07-31T18:09:20 IST">
  <testcase classname="test_case.Tc002_loginTest" name="login_varification" time="2.142"/>
  <testcase classname="test_case.TC_01_Ragistartion_test" name="verified_accontragistration" time="0.0">
    <ignored/>
  </testcase> <!-- verified_accontragistration -->
</testsuite> <!-- Test -->
