<?xml version="1.0" encoding="UTF-8"?>
<testng-results ignored="0" total="2" passed="2" failed="0" skipped="0">
  <reporter-output>
  </reporter-output>
  <suite started-at="2025-08-18T13:31:34 IST" name="Master_Suite" finished-at="2025-08-18T13:31:55 IST" duration-ms="21652">
    <groups>
      <group name="Master">
        <method signature="TC_01_Ragistartion_test.verified_accontragistration()[pri:0, instance:test_case.TC_01_Ragistartion_test@2cd76f31]" name="verified_accontragistration" class="test_case.TC_01_Ragistartion_test"/>
        <method signature="Tc002_loginTest.login_varification()[pri:0, instance:test_case.Tc002_loginTest@fbd1f6]" name="login_varification" class="test_case.Tc002_loginTest"/>
      </group> <!-- Master -->
      <group name="regression">
        <method signature="Tc002_loginTest.login_varification()[pri:0, instance:test_case.Tc002_loginTest@fbd1f6]" name="login_varification" class="test_case.Tc002_loginTest"/>
      </group> <!-- regression -->
      <group name="sanity">
        <method signature="TC_01_Ragistartion_test.verified_accontragistration()[pri:0, instance:test_case.TC_01_Ragistartion_test@2cd76f31]" name="verified_accontragistration" class="test_case.TC_01_Ragistartion_test"/>
      </group> <!-- sanity -->
    </groups>
    <test started-at="2025-08-18T13:31:34 IST" name="Linux-chrome" finished-at="2025-08-18T13:31:55 IST" duration-ms="21652">
      <class name="test_case.TC_01_Ragistartion_test">
        <test-method is-config="true" signature="setup(java.lang.String,java.lang.String)[pri:0, instance:test_case.TC_01_Ragistartion_test@2cd76f31]" started-at="2025-08-18T13:31:35 IST" name="setup" finished-at="2025-08-18T13:31:42 IST" duration-ms="6901" status="PASS">
          <params>
            <param index="0">
              <value>
                <![CDATA[Linux]]>
              </value>
            </param>
            <param index="1">
              <value>
                <![CDATA[chrome]]>
              </value>
            </param>
          </params>
          <reporter-output>
          </reporter-output>
        </test-method> <!-- setup -->
        <test-method signature="verified_accontragistration()[pri:0, instance:test_case.TC_01_Ragistartion_test@2cd76f31]" started-at="2025-08-18T13:31:42 IST" name="verified_accontragistration" finished-at="2025-08-18T13:31:46 IST" duration-ms="4808" status="PASS">
          <reporter-output>
          </reporter-output>
        </test-method> <!-- verified_accontragistration -->
        <test-method is-config="true" signature="teardown()[pri:0, instance:test_case.TC_01_Ragistartion_test@2cd76f31]" started-at="2025-08-18T13:31:46 IST" name="teardown" finished-at="2025-08-18T13:31:47 IST" duration-ms="230" status="PASS">
          <reporter-output>
          </reporter-output>
        </test-method> <!-- teardown -->
      </class> <!-- test_case.TC_01_Ragistartion_test -->
      <class name="test_case.Tc002_loginTest">
        <test-method is-config="true" signature="setup(java.lang.String,java.lang.String)[pri:0, instance:test_case.Tc002_loginTest@fbd1f6]" started-at="2025-08-18T13:31:47 IST" name="setup" finished-at="2025-08-18T13:31:51 IST" duration-ms="4447" status="PASS">
          <params>
            <param index="0">
              <value>
                <![CDATA[Linux]]>
              </value>
            </param>
            <param index="1">
              <value>
                <![CDATA[chrome]]>
              </value>
            </param>
          </params>
          <reporter-output>
          </reporter-output>
        </test-method> <!-- setup -->
        <test-method signature="login_varification()[pri:0, instance:test_case.Tc002_loginTest@fbd1f6]" started-at="2025-08-18T13:31:51 IST" name="login_varification" finished-at="2025-08-18T13:31:55 IST" duration-ms="4166" status="PASS">
          <reporter-output>
          </reporter-output>
        </test-method> <!-- login_varification -->
        <test-method is-config="true" signature="teardown()[pri:0, instance:test_case.Tc002_loginTest@fbd1f6]" started-at="2025-08-18T13:31:55 IST" name="teardown" finished-at="2025-08-18T13:31:55 IST" duration-ms="150" status="PASS">
          <reporter-output>
          </reporter-output>
        </test-method> <!-- teardown -->
      </class> <!-- test_case.Tc002_loginTest -->
    </test> <!-- Linux-chrome -->
  </suite> <!-- Master_Suite -->
</testng-results>
