<?xml version="1.0" encoding="UTF-8"?>
<!-- Generated by org.testng.reporters.JUnitXMLReporter -->
<testsuite ignored="0" hostname="DESKTOP-O6BLQB2" failures="1" tests="1" name="Master_Test(failed)" time="28.114" errors="0" timestamp="2025-07-31T18:36:56 IST">
  <testcase classname="test_case.TC_01_Ragistartion_test" name="verified_accontragistration" time="6.46">
    <failure type="java.lang.AssertionError" message="expected [Your Account Has Been Created!!!] but found [Your Account Has Been Created!]">
      <![CDATA[java.lang.AssertionError: expected [Your Account Has Been Created!!!] but found [Your Account Has Been Created!]
at test_case.TC_01_Ragistartion_test.verified_accontragistration(TC_01_Ragistartion_test.java:66)
at java.base/java.util.ArrayList.forEach(ArrayList.java:1596)
... Removed 31 stack frames]]>
    </failure>
  </testcase> <!-- verified_accontragistration -->
</testsuite> <!-- Master_Test(failed) -->
